12/09/24 09:18:21 INFO action.StartAction: 启动程序
12/09/24 09:18:21 INFO connector.Connector: pmcs_java初始化
12/09/24 09:18:21 INFO connector.Connector: 初始化成功，尝试启动连接器
12/09/24 09:18:21 INFO connector.Connector: 成功启动连接器，尝试启动处理器
12/09/24 09:18:21 INFO handler.Handler: 尝试启动处理器：handler1
12/09/24 09:18:21 INFO connector.Connector: 连接:116.238.25.182:9005
12/09/24 09:18:21 INFO handler.Handler: 成功启动处理器:handler1
12/09/24 09:18:21 INFO handler.Handler: 尝试启动处理器：handler2
12/09/24 09:18:21 INFO handler.Handler: 成功启动处理器:handler2
12/09/24 09:18:21 INFO handler.Handler: 尝试启动处理器：handler3
12/09/24 09:18:21 INFO handler.Handler: 成功启动处理器:handler3
12/09/24 09:19:14 INFO connector.Connector: 成功读取xml，长度为:3553
12/09/24 09:19:14 INFO connector.Connector: 数据缓存队列存容量为：300，已占用：1
12/09/24 09:19:14 INFO handler.Handler: 处理器:handler3开始处理xml文档
12/09/24 09:19:14 INFO handler.Handler: 解析xml文档
12/09/24 09:19:14 INFO handler.Handler: 进行数据库操作
12/09/24 09:19:14 INFO oracop.OraUtil: 创建数据库连接:jdbc:oracle:thin:@192.168.6.10:1521:pmcsdb2
12/09/24 09:19:18 INFO oracop.OraUtil: 查询数据表NEIGHBOR_HEALTH是否存在
12/09/24 09:19:18 INFO oracop.OraUtil: 关闭数据库连接成功
12/09/24 09:19:18 INFO handler.Handler: 处理器：handler3尝试重启
12/09/24 09:19:18 INFO handler.Handler: 尝试停止处理器:handler3
12/09/24 09:19:18 INFO handler.Handler: 停止处理器:handler3成功
12/09/24 09:19:18 INFO handler.Handler: 尝试启动处理器：handler3
12/09/24 09:19:18 INFO handler.Handler: 成功启动处理器:handler3
12/09/24 09:19:18 INFO handler.Handler: 处理器：handler3重启成功
12/09/24 09:20:14 INFO connector.Connector: 成功读取xml，长度为:4315
12/09/24 09:20:14 INFO connector.Connector: 数据缓存队列存容量为：300，已占用：1
12/09/24 09:20:14 INFO handler.Handler: 处理器:handler3开始处理xml文档
12/09/24 09:20:14 INFO handler.Handler: 解析xml文档
12/09/24 09:20:14 INFO handler.Handler: 进行数据库操作
12/09/24 09:20:14 INFO oracop.OraUtil: 创建数据库连接:jdbc:oracle:thin:@192.168.6.10:1521:pmcsdb2
12/09/24 09:20:16 INFO connector.Connector: 成功读取xml，长度为:2272
12/09/24 09:20:17 INFO oracop.OraUtil: 查询数据表PHYSICAL_HEALTH是否存在
12/09/24 09:20:17 INFO oracop.OraUtil: 关闭数据库连接成功
12/09/24 09:20:17 INFO handler.Handler: 处理器：handler3尝试重启
12/09/24 09:20:17 INFO handler.Handler: 尝试停止处理器:handler3
12/09/24 09:20:17 INFO handler.Handler: 停止处理器:handler3成功
12/09/24 09:20:17 INFO handler.Handler: 尝试启动处理器：handler3
12/09/24 09:20:17 INFO handler.Handler: 成功启动处理器:handler3
12/09/24 09:20:17 INFO handler.Handler: 处理器：handler3重启成功
12/09/24 09:20:17 INFO connector.Connector: 数据缓存队列存容量为：300，已占用：1
12/09/24 09:20:17 INFO handler.Handler: 处理器:handler2开始处理xml文档
12/09/24 09:20:17 INFO connector.Connector: 成功读取xml，长度为:1795
12/09/24 09:20:17 INFO handler.Handler: 解析xml文档
12/09/24 09:20:17 INFO handler.Handler: 进行数据库操作
12/09/24 09:20:17 INFO oracop.OraUtil: 创建数据库连接:jdbc:oracle:thin:@192.168.6.10:1521:pmcsdb2
12/09/24 09:20:20 INFO oracop.OraUtil: 查询数据表EN2100是否存在
12/09/24 09:20:20 INFO oracop.OraUtil: 关闭数据库连接成功
12/09/24 09:20:20 INFO handler.Handler: 处理器：handler2尝试重启
12/09/24 09:20:20 INFO handler.Handler: 尝试停止处理器:handler2
12/09/24 09:20:20 INFO handler.Handler: 停止处理器:handler2成功
12/09/24 09:20:20 INFO handler.Handler: 尝试启动处理器：handler2
12/09/24 09:20:20 INFO handler.Handler: 成功启动处理器:handler2
12/09/24 09:20:20 INFO handler.Handler: 处理器：handler2重启成功
12/09/24 09:20:20 INFO connector.Connector: 数据缓存队列存容量为：300，已占用：1
12/09/24 09:20:20 INFO handler.Handler: 处理器:handler3开始处理xml文档
12/09/24 09:20:20 INFO connector.Connector: 成功读取xml，长度为:2091
12/09/24 09:20:20 INFO handler.Handler: 解析xml文档
12/09/24 09:20:20 INFO handler.Handler: 进行数据库操作
12/09/24 09:20:20 INFO oracop.OraUtil: 创建数据库连接:jdbc:oracle:thin:@192.168.6.10:1521:pmcsdb2
12/09/24 09:20:23 INFO oracop.OraUtil: 查询数据表ES1201是否存在
12/09/24 09:20:23 INFO oracop.OraUtil: 关闭数据库连接成功
12/09/24 09:20:23 INFO handler.Handler: 处理器：handler3尝试重启
12/09/24 09:20:23 INFO handler.Handler: 尝试停止处理器:handler3
12/09/24 09:20:23 INFO handler.Handler: 停止处理器:handler3成功
12/09/24 09:20:23 INFO handler.Handler: 尝试启动处理器：handler3
12/09/24 09:20:23 INFO handler.Handler: 成功启动处理器:handler3
12/09/24 09:20:23 INFO handler.Handler: 处理器：handler3重启成功
12/09/24 09:20:23 INFO connector.Connector: 数据缓存队列存容量为：300，已占用：1
12/09/24 09:20:23 INFO handler.Handler: 处理器:handler2开始处理xml文档
12/09/24 09:20:23 INFO handler.Handler: 解析xml文档
12/09/24 09:20:23 INFO handler.Handler: 进行数据库操作
12/09/24 09:20:23 INFO oracop.OraUtil: 创建数据库连接:jdbc:oracle:thin:@192.168.6.10:1521:pmcsdb2
12/09/24 09:20:26 INFO oracop.OraUtil: 查询数据表ES1401是否存在
12/09/24 09:20:26 INFO oracop.OraUtil: 关闭数据库连接成功
12/09/24 09:20:26 INFO handler.Handler: 处理器：handler2尝试重启
12/09/24 09:20:26 INFO handler.Handler: 尝试停止处理器:handler2
12/09/24 09:20:26 INFO handler.Handler: 停止处理器:handler2成功
12/09/24 09:20:26 INFO handler.Handler: 尝试启动处理器：handler2
12/09/24 09:20:26 INFO handler.Handler: 成功启动处理器:handler2
12/09/24 09:20:26 INFO handler.Handler: 处理器：handler2重启成功
12/09/24 09:20:44 INFO action.StopAction: 停止程序
12/09/24 09:20:44 INFO handler.Handler: 尝试停止处理器:handler1
12/09/24 09:20:44 INFO handler.Handler: 停止处理器:handler1成功
12/09/24 09:20:44 INFO handler.Handler: 尝试停止处理器:handler2
12/09/24 09:20:44 INFO handler.Handler: 停止处理器:handler2成功
12/09/24 09:20:44 INFO handler.Handler: 尝试停止处理器:handler3
12/09/24 09:20:44 INFO handler.Handler: 停止处理器:handler3成功
12/09/24 09:20:44 INFO connector.Connector: 尝试停止connector
12/09/24 09:44:19 INFO action.StartAction: 启动程序
12/09/24 09:44:19 INFO connector.Connector: pmcs_java初始化
12/09/24 09:44:19 INFO connector.Connector: 初始化成功，尝试启动连接器
12/09/24 09:44:19 INFO connector.Connector: 成功启动连接器，尝试启动处理器
12/09/24 09:44:19 INFO handler.Handler: 尝试启动处理器：handler1
12/09/24 09:44:19 INFO connector.Connector: 连接:116.238.25.182:9005
12/09/24 09:44:19 INFO handler.Handler: 成功启动处理器:handler1
12/09/24 09:44:19 INFO handler.Handler: 尝试启动处理器：handler2
12/09/24 09:44:19 INFO handler.Handler: 成功启动处理器:handler2
12/09/24 09:44:19 INFO handler.Handler: 尝试启动处理器：handler3
12/09/24 09:44:19 INFO handler.Handler: 成功启动处理器:handler3
12/09/24 09:45:09 INFO action.StopAction: 停止程序
12/09/24 09:45:09 INFO handler.Handler: 尝试停止处理器:handler1
12/09/24 09:45:09 INFO handler.Handler: 停止处理器:handler1成功
12/09/24 09:45:09 INFO handler.Handler: 尝试停止处理器:handler2
12/09/24 09:45:09 INFO handler.Handler: 停止处理器:handler2成功
12/09/24 09:45:09 INFO handler.Handler: 尝试停止处理器:handler3
12/09/24 09:45:09 INFO handler.Handler: 停止处理器:handler3成功
12/09/24 09:45:09 INFO connector.Connector: 尝试停止connector
12/09/24 09:45:14 INFO connector.Connector: 成功读取xml，长度为:3553
12/09/24 09:45:14 INFO connector.Connector: 数据缓存队列存容量为：300，已占用：1
12/09/24 09:45:14 INFO connector.Connector: 成功停止connector
12/09/24 09:45:24 INFO action.StopAction: 停止程序
12/09/24 10:17:58 INFO action.StartAction: 启动程序
12/09/24 10:17:58 INFO connector.Connector: pmcs_java初始化
12/09/24 10:17:58 INFO connector.Connector: 初始化成功，尝试启动连接器
12/09/24 10:17:58 INFO connector.Connector: 成功启动连接器，尝试启动处理器
12/09/24 10:17:58 INFO handler.Handler: 尝试启动处理器：handler1
12/09/24 10:17:58 INFO connector.Connector: 连接:116.238.25.182:9005
12/09/24 10:17:58 INFO handler.Handler: 成功启动处理器:handler1
12/09/24 10:17:59 INFO handler.Handler: 尝试启动处理器：handler2
12/09/24 10:17:59 INFO handler.Handler: 成功启动处理器:handler2
12/09/24 10:17:59 INFO handler.Handler: 尝试启动处理器：handler3
12/09/24 10:17:59 INFO handler.Handler: 成功启动处理器:handler3
12/09/24 10:18:00 INFO action.StopAction: 停止程序
12/09/24 10:18:00 INFO handler.Handler: 尝试停止处理器:handler1
12/09/24 10:18:00 INFO handler.Handler: 停止处理器:handler1成功
12/09/24 10:18:00 INFO handler.Handler: 尝试停止处理器:handler2
12/09/24 10:18:00 INFO handler.Handler: 停止处理器:handler2成功
12/09/24 10:18:00 INFO handler.Handler: 尝试停止处理器:handler3
12/09/24 10:18:00 INFO handler.Handler: 停止处理器:handler3成功
12/09/24 10:18:00 INFO connector.Connector: 尝试停止connector
12/09/24 10:20:01 INFO action.StopAction: 停止程序
12/09/24 12:07:07 INFO action.StopAction: 停止程序
12/09/24 12:07:08 INFO action.StartAction: 启动程序
12/09/24 12:07:08 INFO connector.Connector: pmcs_java初始化
12/09/24 12:07:08 INFO connector.Connector: 初始化成功，尝试启动连接器
12/09/24 12:07:08 INFO connector.Connector: 成功启动连接器，尝试启动处理器
12/09/24 12:07:08 INFO handler.Handler: 尝试启动处理器：handler1
12/09/24 12:07:08 INFO connector.Connector: 连接:116.238.25.182:9005
12/09/24 12:07:08 INFO handler.Handler: 成功启动处理器:handler1
12/09/24 12:07:08 INFO handler.Handler: 尝试启动处理器：handler2
12/09/24 12:07:08 INFO handler.Handler: 成功启动处理器:handler2
12/09/24 12:07:08 INFO handler.Handler: 尝试启动处理器：handler3
12/09/24 12:07:08 INFO handler.Handler: 成功启动处理器:handler3
12/09/24 12:07:09 INFO action.StopAction: 停止程序
12/09/24 12:07:09 INFO handler.Handler: 尝试停止处理器:handler1
12/09/24 12:07:09 INFO handler.Handler: 停止处理器:handler1成功
12/09/24 12:07:09 INFO handler.Handler: 尝试停止处理器:handler2
12/09/24 12:07:09 INFO handler.Handler: 停止处理器:handler2成功
12/09/24 12:07:09 INFO handler.Handler: 尝试停止处理器:handler3
12/09/24 12:07:09 INFO handler.Handler: 停止处理器:handler3成功
12/09/24 12:07:09 INFO connector.Connector: 尝试停止connector
12/09/24 12:09:37 INFO action.StopAction: 停止程序
12/09/24 13:28:29 INFO action.StartAction: 启动程序
12/09/24 13:28:29 INFO connector.Connector: pmcs_java初始化
12/09/24 13:28:29 INFO connector.Connector: 初始化成功，尝试启动连接器
12/09/24 13:28:29 INFO connector.Connector: 成功启动连接器，尝试启动处理器
12/09/24 13:28:29 INFO handler.Handler: 尝试启动处理器：handler1
12/09/24 13:28:29 INFO connector.Connector: 连接:116.238.25.182:9005
12/09/24 13:28:29 INFO handler.Handler: 成功启动处理器:handler1
12/09/24 13:28:29 INFO handler.Handler: 尝试启动处理器：handler2
12/09/24 13:28:29 INFO handler.Handler: 成功启动处理器:handler2
12/09/24 13:28:29 INFO handler.Handler: 尝试启动处理器：handler3
12/09/24 13:28:29 INFO handler.Handler: 成功启动处理器:handler3
12/09/24 13:28:31 INFO action.StopAction: 停止程序
12/09/24 13:28:31 INFO handler.Handler: 尝试停止处理器:handler1
12/09/24 13:28:31 INFO handler.Handler: 停止处理器:handler1成功
12/09/24 13:28:31 INFO handler.Handler: 尝试停止处理器:handler2
12/09/24 13:28:31 INFO handler.Handler: 停止处理器:handler2成功
12/09/24 13:28:31 INFO handler.Handler: 尝试停止处理器:handler3
12/09/24 13:28:31 INFO handler.Handler: 停止处理器:handler3成功
12/09/24 13:28:31 INFO connector.Connector: 尝试停止connector
12/09/24 13:31:57 INFO action.StopAction: 停止程序
